<?xml version="1.0" encoding="UTF-8"?>
<testsuite name="com.spring.currencytext.SpringCurrencyTextApp.AppBigIntTest" time="0.047" tests="16" errors="0" skipped="0" failures="0">
  <properties>
[...]
</properties>
  <testcase name="testNumberGreaterThanMaxInputValue" classname="com.spring.currencytext.SpringCurrencyTextApp.AppBigIntTest" time="0.031"/>
  <testcase name="testDecimalNumberWithZeroFraction" classname="com.spring.currencytext.SpringCurrencyTextApp.AppBigIntTest" time="0.016"/>
  <testcase name="testNegativeDecimalNumberWithZeroFraction" classname="com.spring.currencytext.SpringCurrencyTextApp.AppBigIntTest" time="0"/>
  <testcase name="testNegativeCapitalCharacterValidation" classname="com.spring.currencytext.SpringCurrencyTextApp.AppBigIntTest" time="0"/>
  <testcase name="testNumberGreaterThanIntegerValue" classname="com.spring.currencytext.SpringCurrencyTextApp.AppBigIntTest" time="0"/>
  <testcase name="testOneDigitWholeNumber" classname="com.spring.currencytext.SpringCurrencyTextApp.AppBigIntTest" time="0"/>
  <testcase name="testTwoDecimalNumber" classname="com.spring.currencytext.SpringCurrencyTextApp.AppBigIntTest" time="0"/>
  <testcase name="testNumberGreaterThanLargerValue" classname="com.spring.currencytext.SpringCurrencyTextApp.AppBigIntTest" time="0"/>
  <testcase name="testCaseNumberFormatException" classname="com.spring.currencytext.SpringCurrencyTextApp.AppBigIntTest" time="0"/>
  <testcase name="testCaseNegativeNumberException" classname="com.spring.currencytext.SpringCurrencyTextApp.AppBigIntTest" time="0"/>
  <testcase name="testLeadingSpaceTest" classname="com.spring.currencytext.SpringCurrencyTextApp.AppBigIntTest" time="0"/>
  <testcase name="testTrailingSpaceTest" classname="com.spring.currencytext.SpringCurrencyTextApp.AppBigIntTest" time="0"/>
  <testcase name="testTrailingandLeadingSpaceTest" classname="com.spring.currencytext.SpringCurrencyTextApp.AppBigIntTest" time="0"/>
  <testcase name="testDollarSignTest" classname="com.spring.currencytext.SpringCurrencyTextApp.AppBigIntTest" time="0"/>
  <testcase name="testCommaSeperationTest" classname="com.spring.currencytext.SpringCurrencyTextApp.AppBigIntTest" time="0"/>
  <testcase name="testMaxInputValue" classname="com.spring.currencytext.SpringCurrencyTextApp.AppBigIntTest" time="0"/>
</testsuite>